*** Error in `./x.nb': free(): invalid pointer: 0x00007fc258953a41 ***
======= Backtrace: =========
/lib/x86_64-linux-gnu/libc.so.6(+0x70bfb)[0x7fc27a4eebfb]
/lib/x86_64-linux-gnu/libc.so.6(+0x76fc6)[0x7fc27a4f4fc6]
/lib/x86_64-linux-gnu/libc.so.6(+0x7780e)[0x7fc27a4f580e]
./x.nb[0x401491]
./x.nb[0x4010ad]
/lib/x86_64-linux-gnu/libc.so.6(__libc_start_main+0xf1)[0x7fc27a49e2e1]
./x.nb[0x400bd9]
======= Memory map: ========
00400000-00402000 r-xp 00000000 00:28 46277316                           /home/parallel/parlab09/conc_ll_dimitris/x.nb
00601000-00602000 rw-p 00001000 00:28 46277316                           /home/parallel/parlab09/conc_ll_dimitris/x.nb
00bcc000-00bed000 rw-p 00000000 00:00 0                                  [heap]
7fc1d4000000-7fc1d495c000 rw-p 00000000 00:00 0 
7fc1d495c000-7fc1d8000000 ---p 00000000 00:00 0 
7fc1dc000000-7fc1dc94c000 rw-p 00000000 00:00 0 
7fc1dc94c000-7fc1e0000000 ---p 00000000 00:00 0 
7fc1e4000000-7fc1e494d000 rw-p 00000000 00:00 0 
7fc1e494d000-7fc1e8000000 ---p 00000000 00:00 0 
7fc1e8000000-7fc1e8940000 rw-p 00000000 00:00 0 
7fc1e8940000-7fc1ec000000 ---p 00000000 00:00 0 
7fc1ec000000-7fc1ec944000 rw-p 00000000 00:00 0 
7fc1ec944000-7fc1f0000000 ---p 00000000 00:00 0 
7fc1f0000000-7fc1f094c000 rw-p 00000000 00:00 0 
7fc1f094c000-7fc1f4000000 ---p 00000000 00:00 0 
7fc1f4000000-7fc1f494b000 rw-p 00000000 00:00 0 
7fc1f494b000-7fc1f8000000 ---p 00000000 00:00 0 
7fc1fc000000-7fc1fc94f000 rw-p 00000000 00:00 0 
7fc1fc94f000-7fc200000000 ---p 00000000 00:00 0 
7fc204000000-7fc204943000 rw-p 00000000 00:00 0 
7fc204943000-7fc208000000 ---p 00000000 00:00 0 
7fc20c000000-7fc20c943000 rw-p 00000000 00:00 0 
7fc20c943000-7fc210000000 ---p 00000000 00:00 0 
7fc210000000-7fc21094b000 rw-p 00000000 00:00 0 
7fc21094b000-7fc214000000 ---p 00000000 00:00 0 
7fc214000000-7fc21494c000 rw-p 00000000 00:00 0 
7fc21494c000-7fc218000000 ---p 00000000 00:00 0 
7fc218000000-7fc218942000 rw-p 00000000 00:00 0 
7fc218942000-7fc21c000000 ---p 00000000 00:00 0 
7fc21c000000-7fc21c950000 rw-p 00000000 00:00 0 
7fc21c950000-7fc220000000 ---p 00000000 00:00 0 
7fc220000000-7fc220943000 rw-p 00000000 00:00 0 
7fc220943000-7fc224000000 ---p 00000000 00:00 0 
7fc224000000-7fc22494b000 rw-p 00000000 00:00 0 
7fc22494b000-7fc228000000 ---p 00000000 00:00 0 
7fc228000000-7fc22894c000 rw-p 00000000 00:00 0 
7fc22894c000-7fc22c000000 ---p 00000000 00:00 0 
7fc22c000000-7fc22c955000 rw-p 00000000 00:00 0 
7fc22c955000-7fc230000000 ---p 00000000 00:00 0 
7fc230000000-7fc23093c000 rw-p 00000000 00:00 0 
7fc23093c000-7fc234000000 ---p 00000000 00:00 0 
7fc234000000-7fc234952000 rw-p 00000000 00:00 0 
7fc234952000-7fc238000000 ---p 00000000 00:00 0 
7fc238000000-7fc23894c000 rw-p 00000000 00:00 0 
7fc23894c000-7fc23c000000 ---p 00000000 00:00 0 
7fc23c000000-7fc23c944000 rw-p 00000000 00:00 0 
7fc23c944000-7fc240000000 ---p 00000000 00:00 0 
7fc240000000-7fc24094e000 rw-p 00000000 00:00 0 
7fc24094e000-7fc244000000 ---p 00000000 00:00 0 
7fc244000000-7fc24494a000 rw-p 00000000 00:00 0 
7fc24494a000-7fc248000000 ---p 00000000 00:00 0 
7fc248000000-7fc24894a000 rw-p 00000000 00:00 0 
7fc24894a000-7fc24c000000 ---p 00000000 00:00 0 
7fc24c000000-7fc24c953000 rw-p 00000000 00:00 0 
7fc24c953000-7fc250000000 ---p 00000000 00:00 0 
7fc250000000-7fc250949000 rw-p 00000000 00:00 0 
7fc250949000-7fc254000000 ---p 00000000 00:00 0 
7fc254000000-7fc25495a000 rw-p 00000000 00:00 0 
7fc25495a000-7fc258000000 ---p 00000000 00:00 0 
7fc258000000-7fc258954000 rw-p 00000000 00:00 0 
7fc258954000-7fc25c000000 ---p 00000000 00:00 0 
7fc25c000000-7fc25c94b000 rw-p 00000000 00:00 0 
7fc25c94b000-7fc260000000 ---p 00000000 00:00 0 
7fc260000000-7fc26094c000 rw-p 00000000 00:00 0 
7fc26094c000-7fc264000000 ---p 00000000 00:00 0 
7fc264000000-7fc26495b000 rw-p 00000000 00:00 0 
7fc26495b000-7fc268000000 ---p 00000000 00:00 0 
7fc26a45e000-7fc26a45f000 ---p 00000000 00:00 0 
7fc26a45f000-7fc26ac5f000 rw-p 00000000 00:00 0 
7fc26ac5f000-7fc26ac60000 ---p 00000000 00:00 0 
7fc26ac60000-7fc26b460000 rw-p 00000000 00:00 0 
7fc26b460000-7fc26b461000 ---p 00000000 00:00 0 
7fc26b461000-7fc26bc61000 rw-p 00000000 00:00 0 
7fc26bc61000-7fc26bc62000 ---p 00000000 00:00 0 
7fc26bc62000-7fc26c462000 rw-p 00000000 00:00 0 
7fc27a267000-7fc27a27d000 r-xp 00000000 08:01 67109107                   /lib/x86_64-linux-gnu/libgcc_s.so.1
7fc27a27d000-7fc27a47c000 ---p 00016000 08:01 67109107                   /lib/x86_64-linux-gnu/libgcc_s.so.1
7fc27a47c000-7fc27a47d000 r--p 00015000 08:01 67109107                   /lib/x86_64-linux-gnu/libgcc_s.so.1
7fc27a47d000-7fc27a47e000 rw-p 00016000 08:01 67109107                   /lib/x86_64-linux-gnu/libgcc_s.so.1
7fc27a47e000-7fc27a613000 r-xp 00000000 08:01 67109842                   /lib/x86_64-linux-gnu/libc-2.24.so
7fc27a613000-7fc27a813000 ---p 00195000 08:01 67109842                   /lib/x86_64-linux-gnu/libc-2.24.so
7fc27a813000-7fc27a817000 r--p 00195000 08:01 67109842                   /lib/x86_64-linux-gnu/libc-2.24.so
7fc27a817000-7fc27a819000 rw-p 00199000 08:01 67109842                   /lib/x86_64-linux-gnu/libc-2.24.so
7fc27a819000-7fc27a81d000 rw-p 00000000 00:00 0 
7fc27a81d000-7fc27a835000 r-xp 00000000 08:01 67109936                   /lib/x86_64-linux-gnu/libpthread-2.24.so
7fc27a835000-7fc27aa34000 ---p 00018000 08:01 67109936                   /lib/x86_64-linux-gnu/libpthread-2.24.so
7fc27aa34000-7fc27aa35000 r--p 00017000 08:01 67109936                   /lib/x86_64-linux-gnu/libpthread-2.24.so
7fc27aa35000-7fc27aa36000 rw-p 00018000 08:01 67109936                   /lib/x86_64-linux-gnu/libpthread-2.24.so
7fc27aa36000-7fc27aa3a000 rw-p 00000000 00:00 0 
7fc27aa3a000-7fc27aa5d000 r-xp 00000000 08:01 67108931                   /lib/x86_64-linux-gnu/ld-2.24.so
7fc27ac47000-7fc27ac4b000 rw-p 00000000 00:00 0 
7fc27ac5c000-7fc27ac5d000 rw-p 00000000 00:00 0 
7fc27ac5d000-7fc27ac5e000 r--p 00023000 08:01 67108931                   /lib/x86_64-linux-gnu/ld-2.24.so
7fc27ac5e000-7fc27ac5f000 rw-p 00024000 08:01 67108931                   /lib/x86_64-linux-gnu/ld-2.24.so
7fc27ac5f000-7fc27ac60000 rw-p 00000000 00:00 0 
7ffe21985000-7ffe219a6000 rw-p 00000000 00:00 0                          [stack]
7ffe219c9000-7ffe219cb000 r--p 00000000 00:00 0                          [vvar]
7ffe219cb000-7ffe219cd000 r-xp 00000000 00:00 0                          [vdso]
ffffffffff600000-ffffffffff601000 r-xp 00000000 00:00 0                  [vsyscall]
/var/spool/torque/mom_priv/jobs/525253.localhost.SC: line 25:  9777 Aborted                 ./x.nb 1024 ${starr[0]} ${starr[1]} ${starr[2]}
