
~~~~~~~~~~~~~~~~~~~~~~~~~~~~~~~~~~~~~~~~~~~~~~~~~~~~~~~~~~~~~~~~~~~~~~~~~~~~~~~~

dataset_size = 256.00 MB    numObjs = 16777216    numCoords = 2    numClusters = 16


|-------------Sequential Kmeans-------------|

t_alloc: 45.819998 ms

nloops = 10  : total = 9813.256025 ms
	-> t_loop_avg = 981.325603 ms
	-> t_loop_min = 961.196184 ms
	-> t_loop_max = 1073.719025 ms

|-------------------------------------------|

Final cluster centers:
clusters[0] =   1.53   8.73 
clusters[1] =   0.78   3.14 
clusters[2] =   1.17   6.17 
clusters[3] =   2.29   4.01 
clusters[4] =   3.99   6.31 
clusters[5] =   1.42   1.05 
clusters[6] =   4.20   3.59 
clusters[7] =   3.90   1.20 
clusters[8] =   6.32   4.02 
clusters[9] =   6.39   1.35 
clusters[10] =   4.42   8.73 
clusters[11] =   8.79   1.46 
clusters[12] =   6.94   8.86 
clusters[13] =   7.04   6.37 
clusters[14] =   9.09   8.15 
clusters[15] =   8.89   4.44 

~~~~~~~~~~~~~~~~~~~~~~~~~~~~~~~~~~~~~~~~~~~~~~~~~~~~~~~~~~~~~~~~~~~~~~~~~~~~~~~~

dataset_size = 256.00 MB    numObjs = 16777216    numCoords = 2    numClusters = 16, block_size = 32


|-----------Full-offload GPU Kmeans------------|

t_alloc: 249.418974 ms

t_alloc_gpu: 150.151014 ms

t_get_gpu: 91.542959 ms

Launching find_nearest_cluster Kernel with grid_size = 524288, block_size = 32, shared_mem = 0 KB
Launching find_nearest_cluster Kernel with grid_size = 524288, block_size = 32, shared_mem = 0 KB
Launching find_nearest_cluster Kernel with grid_size = 524288, block_size = 32, shared_mem = 0 KB
Launching find_nearest_cluster Kernel with grid_size = 524288, block_size = 32, shared_mem = 0 KB
Launching find_nearest_cluster Kernel with grid_size = 524288, block_size = 32, shared_mem = 0 KB
Launching find_nearest_cluster Kernel with grid_size = 524288, block_size = 32, shared_mem = 0 KB
Launching find_nearest_cluster Kernel with grid_size = 524288, block_size = 32, shared_mem = 0 KB
Launching find_nearest_cluster Kernel with grid_size = 524288, block_size = 32, shared_mem = 0 KB
Launching find_nearest_cluster Kernel with grid_size = 524288, block_size = 32, shared_mem = 0 KB
Launching find_nearest_cluster Kernel with grid_size = 524288, block_size = 32, shared_mem = 0 KB
nloops = 10  : total = 206.482172 ms
	-> t_loop_avg = 20.648217 ms
	-> t_loop_min = 14.949799 ms
	-> t_loop_max = 44.266939 ms

|-------------------------------------------|


~~~~~~~~~~~~~~~~~~~~~~~~~~~~~~~~~~~~~~~~~~~~~~~~~~~~~~~~~~~~~~~~~~~~~~~~~~~~~~~~

dataset_size = 256.00 MB    numObjs = 16777216    numCoords = 2    numClusters = 16, block_size = 64


|-----------Full-offload GPU Kmeans------------|

t_alloc: 250.562906 ms

t_alloc_gpu: 133.378983 ms

t_get_gpu: 92.448950 ms

Launching find_nearest_cluster Kernel with grid_size = 262144, block_size = 64, shared_mem = 0 KB
Launching find_nearest_cluster Kernel with grid_size = 262144, block_size = 64, shared_mem = 0 KB
Launching find_nearest_cluster Kernel with grid_size = 262144, block_size = 64, shared_mem = 0 KB
Launching find_nearest_cluster Kernel with grid_size = 262144, block_size = 64, shared_mem = 0 KB
Launching find_nearest_cluster Kernel with grid_size = 262144, block_size = 64, shared_mem = 0 KB
Launching find_nearest_cluster Kernel with grid_size = 262144, block_size = 64, shared_mem = 0 KB
Launching find_nearest_cluster Kernel with grid_size = 262144, block_size = 64, shared_mem = 0 KB
Launching find_nearest_cluster Kernel with grid_size = 262144, block_size = 64, shared_mem = 0 KB
Launching find_nearest_cluster Kernel with grid_size = 262144, block_size = 64, shared_mem = 0 KB
Launching find_nearest_cluster Kernel with grid_size = 262144, block_size = 64, shared_mem = 0 KB
nloops = 10  : total = 182.856083 ms
	-> t_loop_avg = 18.285608 ms
	-> t_loop_min = 14.023066 ms
	-> t_loop_max = 37.869930 ms

|-------------------------------------------|


~~~~~~~~~~~~~~~~~~~~~~~~~~~~~~~~~~~~~~~~~~~~~~~~~~~~~~~~~~~~~~~~~~~~~~~~~~~~~~~~

dataset_size = 256.00 MB    numObjs = 16777216    numCoords = 2    numClusters = 16, block_size = 128


|-----------Full-offload GPU Kmeans------------|

t_alloc: 247.287989 ms

t_alloc_gpu: 152.381897 ms

t_get_gpu: 91.649055 ms

Launching find_nearest_cluster Kernel with grid_size = 131072, block_size = 128, shared_mem = 0 KB
Launching find_nearest_cluster Kernel with grid_size = 131072, block_size = 128, shared_mem = 0 KB
Launching find_nearest_cluster Kernel with grid_size = 131072, block_size = 128, shared_mem = 0 KB
Launching find_nearest_cluster Kernel with grid_size = 131072, block_size = 128, shared_mem = 0 KB
Launching find_nearest_cluster Kernel with grid_size = 131072, block_size = 128, shared_mem = 0 KB
Launching find_nearest_cluster Kernel with grid_size = 131072, block_size = 128, shared_mem = 0 KB
Launching find_nearest_cluster Kernel with grid_size = 131072, block_size = 128, shared_mem = 0 KB
Launching find_nearest_cluster Kernel with grid_size = 131072, block_size = 128, shared_mem = 0 KB
Launching find_nearest_cluster Kernel with grid_size = 131072, block_size = 128, shared_mem = 0 KB
Launching find_nearest_cluster Kernel with grid_size = 131072, block_size = 128, shared_mem = 0 KB
nloops = 10  : total = 182.647943 ms
	-> t_loop_avg = 18.264794 ms
	-> t_loop_min = 14.023066 ms
	-> t_loop_max = 37.854910 ms

|-------------------------------------------|


~~~~~~~~~~~~~~~~~~~~~~~~~~~~~~~~~~~~~~~~~~~~~~~~~~~~~~~~~~~~~~~~~~~~~~~~~~~~~~~~

dataset_size = 256.00 MB    numObjs = 16777216    numCoords = 2    numClusters = 16, block_size = 256


|-----------Full-offload GPU Kmeans------------|

t_alloc: 248.118877 ms

t_alloc_gpu: 132.656097 ms

t_get_gpu: 90.749025 ms

Launching find_nearest_cluster Kernel with grid_size = 65536, block_size = 256, shared_mem = 0 KB
Launching find_nearest_cluster Kernel with grid_size = 65536, block_size = 256, shared_mem = 0 KB
Launching find_nearest_cluster Kernel with grid_size = 65536, block_size = 256, shared_mem = 0 KB
Launching find_nearest_cluster Kernel with grid_size = 65536, block_size = 256, shared_mem = 0 KB
Launching find_nearest_cluster Kernel with grid_size = 65536, block_size = 256, shared_mem = 0 KB
Launching find_nearest_cluster Kernel with grid_size = 65536, block_size = 256, shared_mem = 0 KB
Launching find_nearest_cluster Kernel with grid_size = 65536, block_size = 256, shared_mem = 0 KB
Launching find_nearest_cluster Kernel with grid_size = 65536, block_size = 256, shared_mem = 0 KB
Launching find_nearest_cluster Kernel with grid_size = 65536, block_size = 256, shared_mem = 0 KB
Launching find_nearest_cluster Kernel with grid_size = 65536, block_size = 256, shared_mem = 0 KB
nloops = 10  : total = 182.593822 ms
	-> t_loop_avg = 18.259382 ms
	-> t_loop_min = 14.022827 ms
	-> t_loop_max = 37.861824 ms

|-------------------------------------------|


~~~~~~~~~~~~~~~~~~~~~~~~~~~~~~~~~~~~~~~~~~~~~~~~~~~~~~~~~~~~~~~~~~~~~~~~~~~~~~~~

dataset_size = 256.00 MB    numObjs = 16777216    numCoords = 2    numClusters = 16, block_size = 512


|-----------Full-offload GPU Kmeans------------|

t_alloc: 251.650810 ms

t_alloc_gpu: 153.660059 ms

t_get_gpu: 92.194080 ms

Launching find_nearest_cluster Kernel with grid_size = 32768, block_size = 512, shared_mem = 0 KB
Launching find_nearest_cluster Kernel with grid_size = 32768, block_size = 512, shared_mem = 0 KB
Launching find_nearest_cluster Kernel with grid_size = 32768, block_size = 512, shared_mem = 0 KB
Launching find_nearest_cluster Kernel with grid_size = 32768, block_size = 512, shared_mem = 0 KB
Launching find_nearest_cluster Kernel with grid_size = 32768, block_size = 512, shared_mem = 0 KB
Launching find_nearest_cluster Kernel with grid_size = 32768, block_size = 512, shared_mem = 0 KB
Launching find_nearest_cluster Kernel with grid_size = 32768, block_size = 512, shared_mem = 0 KB
Launching find_nearest_cluster Kernel with grid_size = 32768, block_size = 512, shared_mem = 0 KB
Launching find_nearest_cluster Kernel with grid_size = 32768, block_size = 512, shared_mem = 0 KB
Launching find_nearest_cluster Kernel with grid_size = 32768, block_size = 512, shared_mem = 0 KB
nloops = 10  : total = 182.762146 ms
	-> t_loop_avg = 18.276215 ms
	-> t_loop_min = 14.023066 ms
	-> t_loop_max = 37.867069 ms

|-------------------------------------------|


~~~~~~~~~~~~~~~~~~~~~~~~~~~~~~~~~~~~~~~~~~~~~~~~~~~~~~~~~~~~~~~~~~~~~~~~~~~~~~~~

dataset_size = 256.00 MB    numObjs = 16777216    numCoords = 2    numClusters = 16, block_size = 1024


|-----------Full-offload GPU Kmeans------------|

t_alloc: 250.545025 ms

t_alloc_gpu: 148.861885 ms

t_get_gpu: 91.519117 ms

Launching find_nearest_cluster Kernel with grid_size = 16384, block_size = 1024, shared_mem = 0 KB
Launching find_nearest_cluster Kernel with grid_size = 16384, block_size = 1024, shared_mem = 0 KB
Launching find_nearest_cluster Kernel with grid_size = 16384, block_size = 1024, shared_mem = 0 KB
Launching find_nearest_cluster Kernel with grid_size = 16384, block_size = 1024, shared_mem = 0 KB
Launching find_nearest_cluster Kernel with grid_size = 16384, block_size = 1024, shared_mem = 0 KB
Launching find_nearest_cluster Kernel with grid_size = 16384, block_size = 1024, shared_mem = 0 KB
Launching find_nearest_cluster Kernel with grid_size = 16384, block_size = 1024, shared_mem = 0 KB
Launching find_nearest_cluster Kernel with grid_size = 16384, block_size = 1024, shared_mem = 0 KB
Launching find_nearest_cluster Kernel with grid_size = 16384, block_size = 1024, shared_mem = 0 KB
Launching find_nearest_cluster Kernel with grid_size = 16384, block_size = 1024, shared_mem = 0 KB
nloops = 10  : total = 182.600975 ms
	-> t_loop_avg = 18.260098 ms
	-> t_loop_min = 14.024973 ms
	-> t_loop_max = 37.864923 ms

|-------------------------------------------|

