*** Error in `./kmeans_omp_reduction_fs': free(): invalid next size (fast): 0x0000000000980b90 ***
======= Backtrace: =========
/lib/x86_64-linux-gnu/libc.so.6(+0x70bfb)[0x7fbcf3c71bfb]
/lib/x86_64-linux-gnu/libc.so.6(+0x76fc6)[0x7fbcf3c77fc6]
/lib/x86_64-linux-gnu/libc.so.6(+0x7780e)[0x7fbcf3c7880e]
./kmeans_omp_reduction_fs[0x401e43]
./kmeans_omp_reduction_fs[0x401034]
/lib/x86_64-linux-gnu/libc.so.6(__libc_start_main+0xf1)[0x7fbcf3c212e1]
./kmeans_omp_reduction_fs[0x400bfa]
======= Memory map: ========
00400000-00403000 r-xp 00000000 00:28 67756229                           /home/parallel/parlab09/ex2_dimitris/kmeans/kmeans_omp_reduction_fs
00602000-00603000 r--p 00002000 00:28 67756229                           /home/parallel/parlab09/ex2_dimitris/kmeans/kmeans_omp_reduction_fs
00603000-00604000 rw-p 00003000 00:28 67756229                           /home/parallel/parlab09/ex2_dimitris/kmeans/kmeans_omp_reduction_fs
0097e000-0099f000 rw-p 00000000 00:00 0                                  [heap]
7fbcdc000000-7fbcdc021000 rw-p 00000000 00:00 0 
7fbcdc021000-7fbce0000000 ---p 00000000 00:00 0 
7fbce2fe1000-7fbce2ff7000 r-xp 00000000 00:29 201179142                  /various/common_tools/gcc-4.9.1/lib64/libgcc_s.so.1
7fbce2ff7000-7fbce31f6000 ---p 00016000 00:29 201179142                  /various/common_tools/gcc-4.9.1/lib64/libgcc_s.so.1
7fbce31f6000-7fbce31f7000 rw-p 00015000 00:29 201179142                  /various/common_tools/gcc-4.9.1/lib64/libgcc_s.so.1
7fbce31f7000-7fbcf39f9000 rw-p 00000000 00:00 0 
7fbcf39f9000-7fbcf3a00000 r-xp 00000000 08:01 67109943                   /lib/x86_64-linux-gnu/librt-2.24.so
7fbcf3a00000-7fbcf3bff000 ---p 00007000 08:01 67109943                   /lib/x86_64-linux-gnu/librt-2.24.so
7fbcf3bff000-7fbcf3c00000 r--p 00006000 08:01 67109943                   /lib/x86_64-linux-gnu/librt-2.24.so
7fbcf3c00000-7fbcf3c01000 rw-p 00007000 08:01 67109943                   /lib/x86_64-linux-gnu/librt-2.24.so
7fbcf3c01000-7fbcf3d96000 r-xp 00000000 08:01 67109842                   /lib/x86_64-linux-gnu/libc-2.24.so
7fbcf3d96000-7fbcf3f96000 ---p 00195000 08:01 67109842                   /lib/x86_64-linux-gnu/libc-2.24.so
7fbcf3f96000-7fbcf3f9a000 r--p 00195000 08:01 67109842                   /lib/x86_64-linux-gnu/libc-2.24.so
7fbcf3f9a000-7fbcf3f9c000 rw-p 00199000 08:01 67109842                   /lib/x86_64-linux-gnu/libc-2.24.so
7fbcf3f9c000-7fbcf3fa0000 rw-p 00000000 00:00 0 
7fbcf3fa0000-7fbcf3fb8000 r-xp 00000000 08:01 67109936                   /lib/x86_64-linux-gnu/libpthread-2.24.so
7fbcf3fb8000-7fbcf41b7000 ---p 00018000 08:01 67109936                   /lib/x86_64-linux-gnu/libpthread-2.24.so
7fbcf41b7000-7fbcf41b8000 r--p 00017000 08:01 67109936                   /lib/x86_64-linux-gnu/libpthread-2.24.so
7fbcf41b8000-7fbcf41b9000 rw-p 00018000 08:01 67109936                   /lib/x86_64-linux-gnu/libpthread-2.24.so
7fbcf41b9000-7fbcf41bd000 rw-p 00000000 00:00 0 
7fbcf41bd000-7fbcf41d2000 r-xp 00000000 00:29 201179405                  /various/common_tools/gcc-4.9.1/lib64/libgomp.so.1.0.0
7fbcf41d2000-7fbcf43d1000 ---p 00015000 00:29 201179405                  /various/common_tools/gcc-4.9.1/lib64/libgomp.so.1.0.0
7fbcf43d1000-7fbcf43d2000 rw-p 00014000 00:29 201179405                  /various/common_tools/gcc-4.9.1/lib64/libgomp.so.1.0.0
7fbcf43d2000-7fbcf43f5000 r-xp 00000000 08:01 67108931                   /lib/x86_64-linux-gnu/ld-2.24.so
7fbcf45df000-7fbcf45e1000 rw-p 00000000 00:00 0 
7fbcf45f2000-7fbcf45f5000 rw-p 00000000 00:00 0 
7fbcf45f5000-7fbcf45f6000 r--p 00023000 08:01 67108931                   /lib/x86_64-linux-gnu/ld-2.24.so
7fbcf45f6000-7fbcf45f7000 rw-p 00024000 08:01 67108931                   /lib/x86_64-linux-gnu/ld-2.24.so
7fbcf45f7000-7fbcf45f8000 rw-p 00000000 00:00 0 
7ffed1f15000-7ffed1f36000 rw-p 00000000 00:00 0                          [stack]
7ffed1f87000-7ffed1f89000 r--p 00000000 00:00 0                          [vvar]
7ffed1f89000-7ffed1f8b000 r-xp 00000000 00:00 0                          [vdso]
ffffffffff600000-ffffffffff601000 r-xp 00000000 00:00 0                  [vsyscall]
/var/spool/torque/mom_priv/jobs/527807.localhost.SC: line 22: 48420 Aborted                 ./kmeans_omp_reduction_fs -s 256 -n 16 -c 16 -l 10
*** Error in `./kmeans_omp_reduction_fs': free(): invalid next size (fast): 0x00000000006b0dc0 ***
======= Backtrace: =========
/lib/x86_64-linux-gnu/libc.so.6(+0x70bfb)[0x7fa01251cbfb]
/lib/x86_64-linux-gnu/libc.so.6(+0x76fc6)[0x7fa012522fc6]
/lib/x86_64-linux-gnu/libc.so.6(+0x7780e)[0x7fa01252380e]
./kmeans_omp_reduction_fs[0x401e43]
./kmeans_omp_reduction_fs[0x401034]
/lib/x86_64-linux-gnu/libc.so.6(__libc_start_main+0xf1)[0x7fa0124cc2e1]
./kmeans_omp_reduction_fs[0x400bfa]
======= Memory map: ========
00400000-00403000 r-xp 00000000 00:28 67756229                           /home/parallel/parlab09/ex2_dimitris/kmeans/kmeans_omp_reduction_fs
00602000-00603000 r--p 00002000 00:28 67756229                           /home/parallel/parlab09/ex2_dimitris/kmeans/kmeans_omp_reduction_fs
00603000-00604000 rw-p 00003000 00:28 67756229                           /home/parallel/parlab09/ex2_dimitris/kmeans/kmeans_omp_reduction_fs
006ae000-006cf000 rw-p 00000000 00:00 0                                  [heap]
7f9ff4000000-7f9ff4021000 rw-p 00000000 00:00 0 
7f9ff4021000-7f9ff8000000 ---p 00000000 00:00 0 
7f9ffc000000-7f9ffc021000 rw-p 00000000 00:00 0 
7f9ffc021000-7fa000000000 ---p 00000000 00:00 0 
7fa00108b000-7fa0010a1000 r-xp 00000000 00:29 201179142                  /various/common_tools/gcc-4.9.1/lib64/libgcc_s.so.1
7fa0010a1000-7fa0012a0000 ---p 00016000 00:29 201179142                  /various/common_tools/gcc-4.9.1/lib64/libgcc_s.so.1
7fa0012a0000-7fa0012a1000 rw-p 00015000 00:29 201179142                  /various/common_tools/gcc-4.9.1/lib64/libgcc_s.so.1
7fa0012a1000-7fa0012a2000 ---p 00000000 00:00 0 
7fa0012a2000-7fa0122a4000 rw-p 00000000 00:00 0 
7fa0122a4000-7fa0122ab000 r-xp 00000000 08:01 67109943                   /lib/x86_64-linux-gnu/librt-2.24.so
7fa0122ab000-7fa0124aa000 ---p 00007000 08:01 67109943                   /lib/x86_64-linux-gnu/librt-2.24.so
7fa0124aa000-7fa0124ab000 r--p 00006000 08:01 67109943                   /lib/x86_64-linux-gnu/librt-2.24.so
7fa0124ab000-7fa0124ac000 rw-p 00007000 08:01 67109943                   /lib/x86_64-linux-gnu/librt-2.24.so
7fa0124ac000-7fa012641000 r-xp 00000000 08:01 67109842                   /lib/x86_64-linux-gnu/libc-2.24.so
7fa012641000-7fa012841000 ---p 00195000 08:01 67109842                   /lib/x86_64-linux-gnu/libc-2.24.so
7fa012841000-7fa012845000 r--p 00195000 08:01 67109842                   /lib/x86_64-linux-gnu/libc-2.24.so
7fa012845000-7fa012847000 rw-p 00199000 08:01 67109842                   /lib/x86_64-linux-gnu/libc-2.24.so
7fa012847000-7fa01284b000 rw-p 00000000 00:00 0 
7fa01284b000-7fa012863000 r-xp 00000000 08:01 67109936                   /lib/x86_64-linux-gnu/libpthread-2.24.so
7fa012863000-7fa012a62000 ---p 00018000 08:01 67109936                   /lib/x86_64-linux-gnu/libpthread-2.24.so
7fa012a62000-7fa012a63000 r--p 00017000 08:01 67109936                   /lib/x86_64-linux-gnu/libpthread-2.24.so
7fa012a63000-7fa012a64000 rw-p 00018000 08:01 67109936                   /lib/x86_64-linux-gnu/libpthread-2.24.so
7fa012a64000-7fa012a68000 rw-p 00000000 00:00 0 
7fa012a68000-7fa012a7d000 r-xp 00000000 00:29 201179405                  /various/common_tools/gcc-4.9.1/lib64/libgomp.so.1.0.0
7fa012a7d000-7fa012c7c000 ---p 00015000 00:29 201179405                  /various/common_tools/gcc-4.9.1/lib64/libgomp.so.1.0.0
7fa012c7c000-7fa012c7d000 rw-p 00014000 00:29 201179405                  /various/common_tools/gcc-4.9.1/lib64/libgomp.so.1.0.0
7fa012c7d000-7fa012ca0000 r-xp 00000000 08:01 67108931                   /lib/x86_64-linux-gnu/ld-2.24.so
7fa012e8a000-7fa012e8c000 rw-p 00000000 00:00 0 
7fa012e9d000-7fa012ea0000 rw-p 00000000 00:00 0 
7fa012ea0000-7fa012ea1000 r--p 00023000 08:01 67108931                   /lib/x86_64-linux-gnu/ld-2.24.so
7fa012ea1000-7fa012ea2000 rw-p 00024000 08:01 67108931                   /lib/x86_64-linux-gnu/ld-2.24.so
7fa012ea2000-7fa012ea3000 rw-p 00000000 00:00 0 
7fff1a6ed000-7fff1a70e000 rw-p 00000000 00:00 0                          [stack]
7fff1a783000-7fff1a785000 r--p 00000000 00:00 0                          [vvar]
7fff1a785000-7fff1a787000 r-xp 00000000 00:00 0                          [vdso]
ffffffffff600000-ffffffffff601000 r-xp 00000000 00:00 0                  [vsyscall]
/var/spool/torque/mom_priv/jobs/527807.localhost.SC: line 22: 48421 Aborted                 ./kmeans_omp_reduction_fs -s 256 -n 16 -c 16 -l 10
*** Error in `./kmeans_omp_reduction_fs': free(): invalid next size (fast): 0x000000000207a1a0 ***
======= Backtrace: =========
/lib/x86_64-linux-gnu/libc.so.6(+0x70bfb)[0x7facbea65bfb]
/lib/x86_64-linux-gnu/libc.so.6(+0x76fc6)[0x7facbea6bfc6]
/lib/x86_64-linux-gnu/libc.so.6(+0x7780e)[0x7facbea6c80e]
./kmeans_omp_reduction_fs[0x401e43]
./kmeans_omp_reduction_fs[0x401034]
/lib/x86_64-linux-gnu/libc.so.6(__libc_start_main+0xf1)[0x7facbea152e1]
./kmeans_omp_reduction_fs[0x400bfa]
======= Memory map: ========
00400000-00403000 r-xp 00000000 00:28 67756229                           /home/parallel/parlab09/ex2_dimitris/kmeans/kmeans_omp_reduction_fs
00602000-00603000 r--p 00002000 00:28 67756229                           /home/parallel/parlab09/ex2_dimitris/kmeans/kmeans_omp_reduction_fs
00603000-00604000 rw-p 00003000 00:28 67756229                           /home/parallel/parlab09/ex2_dimitris/kmeans/kmeans_omp_reduction_fs
02077000-02098000 rw-p 00000000 00:00 0                                  [heap]
7fac90000000-7fac90021000 rw-p 00000000 00:00 0 
7fac90021000-7fac94000000 ---p 00000000 00:00 0 
7fac98000000-7fac98021000 rw-p 00000000 00:00 0 
7fac98021000-7fac9c000000 ---p 00000000 00:00 0 
7faca0000000-7faca0021000 rw-p 00000000 00:00 0 
7faca0021000-7faca4000000 ---p 00000000 00:00 0 
7faca8000000-7faca8021000 rw-p 00000000 00:00 0 
7faca8021000-7facac000000 ---p 00000000 00:00 0 
7facac5d2000-7facac5e8000 r-xp 00000000 00:29 201179142                  /various/common_tools/gcc-4.9.1/lib64/libgcc_s.so.1
7facac5e8000-7facac7e7000 ---p 00016000 00:29 201179142                  /various/common_tools/gcc-4.9.1/lib64/libgcc_s.so.1
7facac7e7000-7facac7e8000 rw-p 00015000 00:29 201179142                  /various/common_tools/gcc-4.9.1/lib64/libgcc_s.so.1
7facac7e8000-7facac7e9000 ---p 00000000 00:00 0 
7facac7e9000-7facacfe9000 rw-p 00000000 00:00 0 
7facacfe9000-7facacfea000 ---p 00000000 00:00 0 
7facacfea000-7facad7ea000 rw-p 00000000 00:00 0 
7facad7ea000-7facad7eb000 ---p 00000000 00:00 0 
7facad7eb000-7facbe7ed000 rw-p 00000000 00:00 0 
7facbe7ed000-7facbe7f4000 r-xp 00000000 08:01 67109943                   /lib/x86_64-linux-gnu/librt-2.24.so
7facbe7f4000-7facbe9f3000 ---p 00007000 08:01 67109943                   /lib/x86_64-linux-gnu/librt-2.24.so
7facbe9f3000-7facbe9f4000 r--p 00006000 08:01 67109943                   /lib/x86_64-linux-gnu/librt-2.24.so
7facbe9f4000-7facbe9f5000 rw-p 00007000 08:01 67109943                   /lib/x86_64-linux-gnu/librt-2.24.so
7facbe9f5000-7facbeb8a000 r-xp 00000000 08:01 67109842                   /lib/x86_64-linux-gnu/libc-2.24.so
7facbeb8a000-7facbed8a000 ---p 00195000 08:01 67109842                   /lib/x86_64-linux-gnu/libc-2.24.so
7facbed8a000-7facbed8e000 r--p 00195000 08:01 67109842                   /lib/x86_64-linux-gnu/libc-2.24.so
7facbed8e000-7facbed90000 rw-p 00199000 08:01 67109842                   /lib/x86_64-linux-gnu/libc-2.24.so
7facbed90000-7facbed94000 rw-p 00000000 00:00 0 
7facbed94000-7facbedac000 r-xp 00000000 08:01 67109936                   /lib/x86_64-linux-gnu/libpthread-2.24.so
7facbedac000-7facbefab000 ---p 00018000 08:01 67109936                   /lib/x86_64-linux-gnu/libpthread-2.24.so
7facbefab000-7facbefac000 r--p 00017000 08:01 67109936                   /lib/x86_64-linux-gnu/libpthread-2.24.so
7facbefac000-7facbefad000 rw-p 00018000 08:01 67109936                   /lib/x86_64-linux-gnu/libpthread-2.24.so
7facbefad000-7facbefb1000 rw-p 00000000 00:00 0 
7facbefb1000-7facbefc6000 r-xp 00000000 00:29 201179405                  /various/common_tools/gcc-4.9.1/lib64/libgomp.so.1.0.0
7facbefc6000-7facbf1c5000 ---p 00015000 00:29 201179405                  /various/common_tools/gcc-4.9.1/lib64/libgomp.so.1.0.0
7facbf1c5000-7facbf1c6000 rw-p 00014000 00:29 201179405                  /various/common_tools/gcc-4.9.1/lib64/libgomp.so.1.0.0
7facbf1c6000-7facbf1e9000 r-xp 00000000 08:01 67108931                   /lib/x86_64-linux-gnu/ld-2.24.so
7facbf3d3000-7facbf3d5000 rw-p 00000000 00:00 0 
7facbf3e6000-7facbf3e9000 rw-p 00000000 00:00 0 
7facbf3e9000-7facbf3ea000 r--p 00023000 08:01 67108931                   /lib/x86_64-linux-gnu/ld-2.24.so
7facbf3ea000-7facbf3eb000 rw-p 00024000 08:01 67108931                   /lib/x86_64-linux-gnu/ld-2.24.so
7facbf3eb000-7facbf3ec000 rw-p 00000000 00:00 0 
7ffd8c55b000-7ffd8c57c000 rw-p 00000000 00:00 0                          [stack]
7ffd8c5c6000-7ffd8c5c8000 r--p 00000000 00:00 0                          [vvar]
7ffd8c5c8000-7ffd8c5ca000 r-xp 00000000 00:00 0                          [vdso]
ffffffffff600000-ffffffffff601000 r-xp 00000000 00:00 0                  [vsyscall]
/var/spool/torque/mom_priv/jobs/527807.localhost.SC: line 22: 48423 Aborted                 ./kmeans_omp_reduction_fs -s 256 -n 16 -c 16 -l 10
*** Error in `./kmeans_omp_reduction_fs': free(): invalid next size (fast): 0x000000000164d960 ***
======= Backtrace: =========
/lib/x86_64-linux-gnu/libc.so.6(+0x70bfb)[0x7f5efc042bfb]
/lib/x86_64-linux-gnu/libc.so.6(+0x76fc6)[0x7f5efc048fc6]
/lib/x86_64-linux-gnu/libc.so.6(+0x7780e)[0x7f5efc04980e]
./kmeans_omp_reduction_fs[0x401e43]
./kmeans_omp_reduction_fs[0x401034]
/lib/x86_64-linux-gnu/libc.so.6(__libc_start_main+0xf1)[0x7f5efbff22e1]
./kmeans_omp_reduction_fs[0x400bfa]
======= Memory map: ========
00400000-00403000 r-xp 00000000 00:28 67756229                           /home/parallel/parlab09/ex2_dimitris/kmeans/kmeans_omp_reduction_fs
00602000-00603000 r--p 00002000 00:28 67756229                           /home/parallel/parlab09/ex2_dimitris/kmeans/kmeans_omp_reduction_fs
00603000-00604000 rw-p 00003000 00:28 67756229                           /home/parallel/parlab09/ex2_dimitris/kmeans/kmeans_omp_reduction_fs
0164a000-0166b000 rw-p 00000000 00:00 0                                  [heap]
7f5eb0000000-7f5eb0021000 rw-p 00000000 00:00 0 
7f5eb0021000-7f5eb4000000 ---p 00000000 00:00 0 
7f5eb4000000-7f5eb4021000 rw-p 00000000 00:00 0 
7f5eb4021000-7f5eb8000000 ---p 00000000 00:00 0 
7f5eb8000000-7f5eb8021000 rw-p 00000000 00:00 0 
7f5eb8021000-7f5ebc000000 ---p 00000000 00:00 0 
7f5ec0000000-7f5ec0021000 rw-p 00000000 00:00 0 
7f5ec0021000-7f5ec4000000 ---p 00000000 00:00 0 
7f5ec8000000-7f5ec8021000 rw-p 00000000 00:00 0 
7f5ec8021000-7f5ecc000000 ---p 00000000 00:00 0 
7f5ed0000000-7f5ed0021000 rw-p 00000000 00:00 0 
7f5ed0021000-7f5ed4000000 ---p 00000000 00:00 0 
7f5ed8000000-7f5ed8021000 rw-p 00000000 00:00 0 
7f5ed8021000-7f5edc000000 ---p 00000000 00:00 0 
7f5ee0000000-7f5ee0021000 rw-p 00000000 00:00 0 
7f5ee0021000-7f5ee4000000 ---p 00000000 00:00 0 
7f5ee7bab000-7f5ee7bc1000 r-xp 00000000 00:29 201179142                  /various/common_tools/gcc-4.9.1/lib64/libgcc_s.so.1
7f5ee7bc1000-7f5ee7dc0000 ---p 00016000 00:29 201179142                  /various/common_tools/gcc-4.9.1/lib64/libgcc_s.so.1
7f5ee7dc0000-7f5ee7dc1000 rw-p 00015000 00:29 201179142                  /various/common_tools/gcc-4.9.1/lib64/libgcc_s.so.1
7f5ee7dc1000-7f5ee7dc2000 ---p 00000000 00:00 0 
7f5ee7dc2000-7f5ee85c2000 rw-p 00000000 00:00 0 
7f5ee85c2000-7f5ee85c3000 ---p 00000000 00:00 0 
7f5ee85c3000-7f5ee8dc3000 rw-p 00000000 00:00 0 
7f5ee8dc3000-7f5ee8dc4000 ---p 00000000 00:00 0 
7f5ee8dc4000-7f5ee95c4000 rw-p 00000000 00:00 0 
7f5ee95c4000-7f5ee95c5000 ---p 00000000 00:00 0 
7f5ee95c5000-7f5ee9dc5000 rw-p 00000000 00:00 0 
7f5ee9dc5000-7f5ee9dc6000 ---p 00000000 00:00 0 
7f5ee9dc6000-7f5eea5c6000 rw-p 00000000 00:00 0 
7f5eea5c6000-7f5eea5c7000 ---p 00000000 00:00 0 
7f5eea5c7000-7f5eeadc7000 rw-p 00000000 00:00 0 
7f5eeadc7000-7f5eeadc8000 ---p 00000000 00:00 0 
7f5eeadc8000-7f5efbdca000 rw-p 00000000 00:00 0 
7f5efbdca000-7f5efbdd1000 r-xp 00000000 08:01 67109943                   /lib/x86_64-linux-gnu/librt-2.24.so
7f5efbdd1000-7f5efbfd0000 ---p 00007000 08:01 67109943                   /lib/x86_64-linux-gnu/librt-2.24.so
7f5efbfd0000-7f5efbfd1000 r--p 00006000 08:01 67109943                   /lib/x86_64-linux-gnu/librt-2.24.so
7f5efbfd1000-7f5efbfd2000 rw-p 00007000 08:01 67109943                   /lib/x86_64-linux-gnu/librt-2.24.so
7f5efbfd2000-7f5efc167000 r-xp 00000000 08:01 67109842                   /lib/x86_64-linux-gnu/libc-2.24.so
7f5efc167000-7f5efc367000 ---p 00195000 08:01 67109842                   /lib/x86_64-linux-gnu/libc-2.24.so
7f5efc367000-7f5efc36b000 r--p 00195000 08:01 67109842                   /lib/x86_64-linux-gnu/libc-2.24.so
7f5efc36b000-7f5efc36d000 rw-p 00199000 08:01 67109842                   /lib/x86_64-linux-gnu/libc-2.24.so
7f5efc36d000-7f5efc371000 rw-p 00000000 00:00 0 
7f5efc371000-7f5efc389000 r-xp 00000000 08:01 67109936                   /lib/x86_64-linux-gnu/libpthread-2.24.so
7f5efc389000-7f5efc588000 ---p 00018000 08:01 67109936                   /lib/x86_64-linux-gnu/libpthread-2.24.so
7f5efc588000-7f5efc589000 r--p 00017000 08:01 67109936                   /lib/x86_64-linux-gnu/libpthread-2.24.so
7f5efc589000-7f5efc58a000 rw-p 00018000 08:01 67109936                   /lib/x86_64-linux-gnu/libpthread-2.24.so
7f5efc58a000-7f5efc58e000 rw-p 00000000 00:00 0 
7f5efc58e000-7f5efc5a3000 r-xp 00000000 00:29 201179405                  /various/common_tools/gcc-4.9.1/lib64/libgomp.so.1.0.0
7f5efc5a3000-7f5efc7a2000 ---p 00015000 00:29 201179405                  /various/common_tools/gcc-4.9.1/lib64/libgomp.so.1.0.0
7f5efc7a2000-7f5efc7a3000 rw-p 00014000 00:29 201179405                  /various/common_tools/gcc-4.9.1/lib64/libgomp.so.1.0.0
7f5efc7a3000-7f5efc7c6000 r-xp 00000000 08:01 67108931                   /lib/x86_64-linux-gnu/ld-2.24.so
7f5efc9b0000-7f5efc9b2000 rw-p 00000000 00:00 0 
7f5efc9c3000-7f5efc9c6000 rw-p 00000000 00:00 0 
7f5efc9c6000-7f5efc9c7000 r--p 00023000 08:01 67108931                   /lib/x86_64-linux-gnu/ld-2.24.so
7f5efc9c7000-7f5efc9c8000 rw-p 00024000 08:01 67108931                   /lib/x86_64-linux-gnu/ld-2.24.so
7f5efc9c8000-7f5efc9c9000 rw-p 00000000 00:00 0 
7ffc6043b000-7ffc6045c000 rw-p 00000000 00:00 0                          [stack]
7ffc605ef000-7ffc605f1000 r--p 00000000 00:00 0                          [vvar]
7ffc605f1000-7ffc605f3000 r-xp 00000000 00:00 0                          [vdso]
ffffffffff600000-ffffffffff601000 r-xp 00000000 00:00 0                  [vsyscall]
/var/spool/torque/mom_priv/jobs/527807.localhost.SC: line 22: 48429 Aborted                 ./kmeans_omp_reduction_fs -s 256 -n 16 -c 16 -l 10
*** Error in `./kmeans_omp_reduction_fs': free(): invalid next size (fast): 0x0000000000f408e0 ***
======= Backtrace: =========
/lib/x86_64-linux-gnu/libc.so.6(+0x70bfb)[0x7fb1bf378bfb]
/lib/x86_64-linux-gnu/libc.so.6(+0x76fc6)[0x7fb1bf37efc6]
/lib/x86_64-linux-gnu/libc.so.6(+0x7780e)[0x7fb1bf37f80e]
./kmeans_omp_reduction_fs[0x401e43]
./kmeans_omp_reduction_fs[0x401034]
/lib/x86_64-linux-gnu/libc.so.6(__libc_start_main+0xf1)[0x7fb1bf3282e1]
./kmeans_omp_reduction_fs[0x400bfa]
======= Memory map: ========
00400000-00403000 r-xp 00000000 00:28 67756229                           /home/parallel/parlab09/ex2_dimitris/kmeans/kmeans_omp_reduction_fs
00602000-00603000 r--p 00002000 00:28 67756229                           /home/parallel/parlab09/ex2_dimitris/kmeans/kmeans_omp_reduction_fs
00603000-00604000 rw-p 00003000 00:28 67756229                           /home/parallel/parlab09/ex2_dimitris/kmeans/kmeans_omp_reduction_fs
00f3c000-00f5d000 rw-p 00000000 00:00 0                                  [heap]
7fb148000000-7fb148021000 rw-p 00000000 00:00 0 
7fb148021000-7fb14c000000 ---p 00000000 00:00 0 
7fb150000000-7fb150021000 rw-p 00000000 00:00 0 
7fb150021000-7fb154000000 ---p 00000000 00:00 0 
7fb154000000-7fb154021000 rw-p 00000000 00:00 0 
7fb154021000-7fb158000000 ---p 00000000 00:00 0 
7fb158000000-7fb158021000 rw-p 00000000 00:00 0 
7fb158021000-7fb15c000000 ---p 00000000 00:00 0 
7fb160000000-7fb160021000 rw-p 00000000 00:00 0 
7fb160021000-7fb164000000 ---p 00000000 00:00 0 
7fb168000000-7fb168021000 rw-p 00000000 00:00 0 
7fb168021000-7fb16c000000 ---p 00000000 00:00 0 
7fb170000000-7fb170021000 rw-p 00000000 00:00 0 
7fb170021000-7fb174000000 ---p 00000000 00:00 0 
7fb178000000-7fb178021000 rw-p 00000000 00:00 0 
7fb178021000-7fb17c000000 ---p 00000000 00:00 0 
7fb180000000-7fb180021000 rw-p 00000000 00:00 0 
7fb180021000-7fb184000000 ---p 00000000 00:00 0 
7fb188000000-7fb188021000 rw-p 00000000 00:00 0 
7fb188021000-7fb18c000000 ---p 00000000 00:00 0 
7fb18c000000-7fb18c021000 rw-p 00000000 00:00 0 
7fb18c021000-7fb190000000 ---p 00000000 00:00 0 
7fb190000000-7fb190021000 rw-p 00000000 00:00 0 
7fb190021000-7fb194000000 ---p 00000000 00:00 0 
7fb194000000-7fb194021000 rw-p 00000000 00:00 0 
7fb194021000-7fb198000000 ---p 00000000 00:00 0 
7fb198000000-7fb198021000 rw-p 00000000 00:00 0 
7fb198021000-7fb19c000000 ---p 00000000 00:00 0 
7fb19c000000-7fb19c021000 rw-p 00000000 00:00 0 
7fb19c021000-7fb1a0000000 ---p 00000000 00:00 0 
7fb1a0000000-7fb1a0021000 rw-p 00000000 00:00 0 
7fb1a0021000-7fb1a4000000 ---p 00000000 00:00 0 
7fb1a6ed9000-7fb1a6eef000 r-xp 00000000 00:29 201179142                  /various/common_tools/gcc-4.9.1/lib64/libgcc_s.so.1
7fb1a6eef000-7fb1a70ee000 ---p 00016000 00:29 201179142                  /various/common_tools/gcc-4.9.1/lib64/libgcc_s.so.1
7fb1a70ee000-7fb1a70ef000 rw-p 00015000 00:29 201179142                  /various/common_tools/gcc-4.9.1/lib64/libgcc_s.so.1
7fb1a70ef000-7fb1a70f0000 ---p 00000000 00:00 0 
7fb1a70f0000-7fb1a78f0000 rw-p 00000000 00:00 0 
7fb1a78f0000-7fb1a78f1000 ---p 00000000 00:00 0 
7fb1a78f1000-7fb1a80f1000 rw-p 00000000 00:00 0 
7fb1a80f1000-7fb1a80f2000 ---p 00000000 00:00 0 
7fb1a80f2000-7fb1a88f2000 rw-p 00000000 00:00 0 
7fb1a88f2000-7fb1a88f3000 ---p 00000000 00:00 0 
7fb1a88f3000-7fb1a90f3000 rw-p 00000000 00:00 0 
7fb1a90f3000-7fb1a90f4000 ---p 00000000 00:00 0 
7fb1a90f4000-7fb1a98f4000 rw-p 00000000 00:00 0 
7fb1a98f4000-7fb1a98f5000 ---p 00000000 00:00 0 
7fb1a98f5000-7fb1aa0f5000 rw-p 00000000 00:00 0 
7fb1aa0f5000-7fb1aa0f6000 ---p 00000000 00:00 0 
7fb1aa0f6000-7fb1aa8f6000 rw-p 00000000 00:00 0 
7fb1aa8f6000-7fb1aa8f7000 ---p 00000000 00:00 0 
7fb1aa8f7000-7fb1ab0f7000 rw-p 00000000 00:00 0 
7fb1ab0f7000-7fb1ab0f8000 ---p 00000000 00:00 0 
7fb1ab0f8000-7fb1ab8f8000 rw-p 00000000 00:00 0 
7fb1ab8f8000-7fb1ab8f9000 ---p 00000000 00:00 0 
7fb1ab8f9000-7fb1ac0f9000 rw-p 00000000 00:00 0 
7fb1ac0f9000-7fb1ac0fa000 ---p 00000000 00:00 0 
7fb1ac0fa000-7fb1ac8fa000 rw-p 00000000 00:00 0 
7fb1ac8fa000-7fb1ac8fb000 ---p 00000000 00:00 0 
7fb1ac8fb000-7fb1ad0fb000 rw-p 00000000 00:00 0 
7fb1ad0fb000-7fb1ad0fc000 ---p 00000000 00:00 0 
7fb1ad0fc000-7fb1ad8fc000 rw-p 00000000 00:00 0 
7fb1ad8fc000-7fb1ad8fd000 ---p 00000000 00:00 0 
7fb1ad8fd000-7fb1ae0fd000 rw-p 00000000 00:00 0 
7fb1ae0fd000-7fb1ae0fe000 ---p 00000000 00:00 0 
7fb1ae0fe000-7fb1bf100000 rw-p 00000000 00:00 0 
7fb1bf100000-7fb1bf107000 r-xp 00000000 08:01 67109943                   /lib/x86_64-linux-gnu/librt-2.24.so
7fb1bf107000-7fb1bf306000 ---p 00007000 08:01 67109943                   /lib/x86_64-linux-gnu/librt-2.24.so
7fb1bf306000-7fb1bf307000 r--p 00006000 08:01 67109943                   /lib/x86_64-linux-gnu/librt-2.24.so
7fb1bf307000-7fb1bf308000 rw-p 00007000 08:01 67109943                   /lib/x86_64-linux-gnu/librt-2.24.so
7fb1bf308000-7fb1bf49d000 r-xp 00000000 08:01 67109842                   /lib/x86_64-linux-gnu/libc-2.24.so
7fb1bf49d000-7fb1bf69d000 ---p 00195000 08:01 67109842                   /lib/x86_64-linux-gnu/libc-2.24.so
7fb1bf69d000-7fb1bf6a1000 r--p 00195000 08:01 67109842                   /lib/x86_64-linux-gnu/libc-2.24.so
7fb1bf6a1000-7fb1bf6a3000 rw-p 00199000 08:01 67109842                   /lib/x86_64-linux-gnu/libc-2.24.so
7fb1bf6a3000-7fb1bf6a7000 rw-p 00000000 00:00 0 
7fb1bf6a7000-7fb1bf6bf000 r-xp 00000000 08:01 67109936                   /lib/x86_64-linux-gnu/libpthread-2.24.so
7fb1bf6bf000-7fb1bf8be000 ---p 00018000 08:01 67109936                   /lib/x86_64-linux-gnu/libpthread-2.24.so
7fb1bf8be000-7fb1bf8bf000 r--p 00017000 08:01 67109936                   /lib/x86_64-linux-gnu/libpthread-2.24.so
7fb1bf8bf000-7fb1bf8c0000 rw-p 00018000 08:01 67109936                   /lib/x86_64-linux-gnu/libpthread-2.24.so
7fb1bf8c0000-7fb1bf8c4000 rw-p 00000000 00:00 0 
7fb1bf8c4000-7fb1bf8d9000 r-xp 00000000 00:29 201179405                  /various/common_tools/gcc-4.9.1/lib64/libgomp.so.1.0.0
7fb1bf8d9000-7fb1bfad8000 ---p 00015000 00:29 201179405                  /various/common_tools/gcc-4.9.1/lib64/libgomp.so.1.0.0
7fb1bfad8000-7fb1bfad9000 rw-p 00014000 00:29 201179405                  /various/common_tools/gcc-4.9.1/lib64/libgomp.so.1.0.0
7fb1bfad9000-7fb1bfafc000 r-xp 00000000 08:01 67108931                   /lib/x86_64-linux-gnu/ld-2.24.so
7fb1bfce6000-7fb1bfce8000 rw-p 00000000 00:00 0 
7fb1bfcf9000-7fb1bfcfc000 rw-p 00000000 00:00 0 
7fb1bfcfc000-7fb1bfcfd000 r--p 00023000 08:01 67108931                   /lib/x86_64-linux-gnu/ld-2.24.so
7fb1bfcfd000-7fb1bfcfe000 rw-p 00024000 08:01 67108931                   /lib/x86_64-linux-gnu/ld-2.24.so
7fb1bfcfe000-7fb1bfcff000 rw-p 00000000 00:00 0 
7ffd4fad3000-7ffd4faf4000 rw-p 00000000 00:00 0                          [stack]
7ffd4fbd0000-7ffd4fbd2000 r--p 00000000 00:00 0                          [vvar]
7ffd4fbd2000-7ffd4fbd4000 r-xp 00000000 00:00 0                          [vdso]
ffffffffff600000-ffffffffff601000 r-xp 00000000 00:00 0                  [vsyscall]
/var/spool/torque/mom_priv/jobs/527807.localhost.SC: line 22: 48437 Aborted                 ./kmeans_omp_reduction_fs -s 256 -n 16 -c 16 -l 10
*** Error in `./kmeans_omp_reduction_fs': free(): invalid next size (fast): 0x0000000000f2d7e0 ***
======= Backtrace: =========
/lib/x86_64-linux-gnu/libc.so.6(+0x70bfb)[0x7f22badc2bfb]
/lib/x86_64-linux-gnu/libc.so.6(+0x76fc6)[0x7f22badc8fc6]
/lib/x86_64-linux-gnu/libc.so.6(+0x7780e)[0x7f22badc980e]
./kmeans_omp_reduction_fs[0x401e43]
./kmeans_omp_reduction_fs[0x401034]
/lib/x86_64-linux-gnu/libc.so.6(__libc_start_main+0xf1)[0x7f22bad722e1]
./kmeans_omp_reduction_fs[0x400bfa]
======= Memory map: ========
00400000-00403000 r-xp 00000000 00:28 67756229                           /home/parallel/parlab09/ex2_dimitris/kmeans/kmeans_omp_reduction_fs
00602000-00603000 r--p 00002000 00:28 67756229                           /home/parallel/parlab09/ex2_dimitris/kmeans/kmeans_omp_reduction_fs
00603000-00604000 rw-p 00003000 00:28 67756229                           /home/parallel/parlab09/ex2_dimitris/kmeans/kmeans_omp_reduction_fs
00f27000-00f48000 rw-p 00000000 00:00 0                                  [heap]
7f21e4000000-7f21e4021000 rw-p 00000000 00:00 0 
7f21e4021000-7f21e8000000 ---p 00000000 00:00 0 
7f21e8000000-7f21e8021000 rw-p 00000000 00:00 0 
7f21e8021000-7f21ec000000 ---p 00000000 00:00 0 
7f21ec000000-7f21ec021000 rw-p 00000000 00:00 0 
7f21ec021000-7f21f0000000 ---p 00000000 00:00 0 
7f21f4000000-7f21f4021000 rw-p 00000000 00:00 0 
7f21f4021000-7f21f8000000 ---p 00000000 00:00 0 
7f21fc000000-7f21fc021000 rw-p 00000000 00:00 0 
7f21fc021000-7f2200000000 ---p 00000000 00:00 0 
7f2204000000-7f2204021000 rw-p 00000000 00:00 0 
7f2204021000-7f2208000000 ---p 00000000 00:00 0 
7f220c000000-7f220c021000 rw-p 00000000 00:00 0 
7f220c021000-7f2210000000 ---p 00000000 00:00 0 
7f2214000000-7f2214021000 rw-p 00000000 00:00 0 
7f2214021000-7f2218000000 ---p 00000000 00:00 0 
7f221c000000-7f221c021000 rw-p 00000000 00:00 0 
7f221c021000-7f2220000000 ---p 00000000 00:00 0 
7f2224000000-7f2224021000 rw-p 00000000 00:00 0 
7f2224021000-7f2228000000 ---p 00000000 00:00 0 
7f222c000000-7f222c021000 rw-p 00000000 00:00 0 
7f222c021000-7f2230000000 ---p 00000000 00:00 0 
7f2234000000-7f2234021000 rw-p 00000000 00:00 0 
7f2234021000-7f2238000000 ---p 00000000 00:00 0 
7f2238000000-7f2238021000 rw-p 00000000 00:00 0 
7f2238021000-7f223c000000 ---p 00000000 00:00 0 
7f223c000000-7f223c021000 rw-p 00000000 00:00 0 
7f223c021000-7f2240000000 ---p 00000000 00:00 0 
7f2240000000-7f2240021000 rw-p 00000000 00:00 0 
7f2240021000-7f2244000000 ---p 00000000 00:00 0 
7f2244000000-7f2244021000 rw-p 00000000 00:00 0 
7f2244021000-7f2248000000 ---p 00000000 00:00 0 
7f2248000000-7f2248021000 rw-p 00000000 00:00 0 
7f2248021000-7f224c000000 ---p 00000000 00:00 0 
7f224c000000-7f224c021000 rw-p 00000000 00:00 0 
7f224c021000-7f2250000000 ---p 00000000 00:00 0 
7f2250000000-7f2250021000 rw-p 00000000 00:00 0 
7f2250021000-7f2254000000 ---p 00000000 00:00 0 
7f2254000000-7f2254021000 rw-p 00000000 00:00 0 
7f2254021000-7f2258000000 ---p 00000000 00:00 0 
7f2258000000-7f2258021000 rw-p 00000000 00:00 0 
7f2258021000-7f225c000000 ---p 00000000 00:00 0 
7f225c000000-7f225c021000 rw-p 00000000 00:00 0 
7f225c021000-7f2260000000 ---p 00000000 00:00 0 
7f2264000000-7f2264021000 rw-p 00000000 00:00 0 
7f2264021000-7f2268000000 ---p 00000000 00:00 0 
7f226c000000-7f226c021000 rw-p 00000000 00:00 0 
7f226c021000-7f2270000000 ---p 00000000 00:00 0 
7f2274000000-7f2274021000 rw-p 00000000 00:00 0 
7f2274021000-7f2278000000 ---p 00000000 00:00 0 
7f227c000000-7f227c021000 rw-p 00000000 00:00 0 
7f227c021000-7f2280000000 ---p 00000000 00:00 0 
7f2280000000-7f2280021000 rw-p 00000000 00:00 0 
7f2280021000-7f2284000000 ---p 00000000 00:00 0 
7f2284000000-7f2284021000 rw-p 00000000 00:00 0 
7f2284021000-7f2288000000 ---p 00000000 00:00 0 
7f2288000000-7f2288021000 rw-p 00000000 00:00 0 
7f2288021000-7f228c000000 ---p 00000000 00:00 0 
7f228c000000-7f228c021000 rw-p 00000000 00:00 0 
7f228c021000-7f2290000000 ---p 00000000 00:00 0 
7f2290000000-7f2290021000 rw-p 00000000 00:00 0 
7f2290021000-7f2294000000 ---p 00000000 00:00 0 
7f2294000000-7f2294021000 rw-p 00000000 00:00 0 
7f2294021000-7f2298000000 ---p 00000000 00:00 0 
7f229a913000-7f229a929000 r-xp 00000000 00:29 201179142                  /various/common_tools/gcc-4.9.1/lib64/libgcc_s.so.1
7f229a929000-7f229ab28000 ---p 00016000 00:29 201179142                  /various/common_tools/gcc-4.9.1/lib64/libgcc_s.so.1
7f229ab28000-7f229ab29000 rw-p 00015000 00:29 201179142                  /various/common_tools/gcc-4.9.1/lib64/libgcc_s.so.1
7f229ab29000-7f229ab2a000 ---p 00000000 00:00 0 
7f229ab2a000-7f229b32a000 rw-p 00000000 00:00 0 
7f229b32a000-7f229b32b000 ---p 00000000 00:00 0 
7f229b32b000-7f229bb2b000 rw-p 00000000 00:00 0 
7f229bb2b000-7f229bb2c000 ---p 00000000 00:00 0 
7f229bb2c000-7f229c32c000 rw-p 00000000 00:00 0 
7f229c32c000-7f229c32d000 ---p 00000000 00:00 0 
7f229c32d000-7f229cb2d000 rw-p 00000000 00:00 0 
7f229cb2d000-7f229cb2e000 ---p 00000000 00:00 0 
7f229cb2e000-7f229d32e000 rw-p 00000000 00:00 0 
7f229d32e000-7f229d32f000 ---p 00000000 00:00 0 
7f229d32f000-7f229db2f000 rw-p 00000000 00:00 0 
7f229db2f000-7f229db30000 ---p 00000000 00:00 0 
7f229db30000-7f229e330000 rw-p 00000000 00:00 0 
7f229e330000-7f229e331000 ---p 00000000 00:00 0 
7f229e331000-7f229eb31000 rw-p 00000000 00:00 0 
7f229eb31000-7f229eb32000 ---p 00000000 00:00 0 
7f229eb32000-7f229f332000 rw-p 00000000 00:00 0 
7f229f332000-7f229f333000 ---p 00000000 00:00 0 
7f229f333000-7f229fb33000 rw-p 00000000 00:00 0 
7f229fb33000-7f229fb34000 ---p 00000000 00:00 0 
7f229fb34000-7f22a0334000 rw-p 00000000 00:00 0 
7f22a0334000-7f22a0335000 ---p 00000000 00:00 0 
7f22a0335000-7f22a0b35000 rw-p 00000000 00:00 0 
7f22a0b35000-7f22a0b36000 ---p 00000000 00:00 0 
7f22a0b36000-7f22a1336000 rw-p 00000000 00:00 0 
7f22a1336000-7f22a1337000 ---p 00000000 00:00 0 
7f22a1337000-7f22a1b37000 rw-p 00000000 00:00 0 
7f22a1b37000-7f22a1b38000 ---p 00000000 00:00 0 
7f22a1b38000-7f22a2338000 rw-p 00000000 00:00 0 
7f22a2338000-7f22a2339000 ---p 00000000 00:00 0 
7f22a2339000-7f22a2b39000 rw-p 00000000 00:00 0 
7f22a2b39000-7f22a2b3a000 ---p 00000000 00:00 0 
7f22a2b3a000-7f22a333a000 rw-p 00000000 00:00 0 
7f22a333a000-7f22a333b000 ---p 00000000 00:00 0 
7f22a333b000-7f22a3b3b000 rw-p 00000000 00:00 0 
7f22a3b3b000-7f22a3b3c000 ---p 00000000 00:00 0 
7f22a3b3c000-7f22a433c000 rw-p 00000000 00:00 0 
7f22a433c000-7f22a433d000 ---p 00000000 00:00 0 
7f22a433d000-7f22a4b3d000 rw-p 00000000 00:00 0 
7f22a4b3d000-7f22a4b3e000 ---p 00000000 00:00 0 
7f22a4b3e000-7f22a533e000 rw-p 00000000 00:00 0 
7f22a533e000-7f22a533f000 ---p 00000000 00:00 0 
7f22a533f000-7f22a5b3f000 rw-p 00000000 00:00 0 
7f22a5b3f000-7f22a5b40000 ---p 00000000 00:00 0 
7f22a5b40000-7f22a6340000 rw-p 00000000 00:00 0 
7f22a6340000-7f22a6341000 ---p 00000000 00:00 0 
7f22a6341000-7f22a6b41000 rw-p 00000000 00:00 0 
7f22a6b41000-7f22a6b42000 ---p 00000000 00:00 0 
7f22a6b42000-7f22a7342000 rw-p 00000000 00:00 0 
7f22a7342000-7f22a7343000 ---p 00000000 00:00 0 
7f22a7343000-7f22a7b43000 rw-p 00000000 00:00 0 
7f22a7b43000-7f22a7b44000 ---p 00000000 00:00 0 
7f22a7b44000-7f22a8344000 rw-p 00000000 00:00 0 
7f22a8344000-7f22a8345000 ---p 00000000 00:00 0 
7f22a8345000-7f22a8b45000 rw-p 00000000 00:00 0 
7f22a8b45000-7f22a8b46000 ---p 00000000 00:00 0 
7f22a8b46000-7f22a9346000 rw-p 00000000 00:00 0 
7f22a9346000-7f22a9347000 ---p 00000000 00:00 0 
7f22a9347000-7f22a9b47000 rw-p 00000000 00:00 0 
7f22a9b47000-7f22a9b48000 ---p 00000000 00:00 0 
7f22a9b48000-7f22bab4a000 rw-p 00000000 00:00 0 
7f22bab4a000-7f22bab51000 r-xp 00000000 08:01 67109943                   /lib/x86_64-linux-gnu/librt-2.24.so
7f22bab51000-7f22bad50000 ---p 00007000 08:01 67109943                   /lib/x86_64-linux-gnu/librt-2.24.so
7f22bad50000-7f22bad51000 r--p 00006000 08:01 67109943                   /lib/x86_64-linux-gnu/librt-2.24.so
7f22bad51000-7f22bad52000 rw-p 00007000 08:01 67109943                   /lib/x86_64-linux-gnu/librt-2.24.so
7f22bad52000-7f22baee7000 r-xp 00000000 08:01 67109842                   /lib/x86_64-linux-gnu/libc-2.24.so
7f22baee7000-7f22bb0e7000 ---p 00195000 08:01 67109842                   /lib/x86_64-linux-gnu/libc-2.24.so
7f22bb0e7000-7f22bb0eb000 r--p 00195000 08:01 67109842                   /lib/x86_64-linux-gnu/libc-2.24.so
7f22bb0eb000-7f22bb0ed000 rw-p 00199000 08:01 67109842                   /lib/x86_64-linux-gnu/libc-2.24.so
7f22bb0ed000-7f22bb0f1000 rw-p 00000000 00:00 0 
7f22bb0f1000-7f22bb109000 r-xp 00000000 08:01 67109936                   /lib/x86_64-linux-gnu/libpthread-2.24.so
7f22bb109000-7f22bb308000 ---p 00018000 08:01 67109936                   /lib/x86_64-linux-gnu/libpthread-2.24.so
7f22bb308000-7f22bb309000 r--p 00017000 08:01 67109936                   /lib/x86_64-linux-gnu/libpthread-2.24.so
7f22bb309000-7f22bb30a000 rw-p 00018000 08:01 67109936                   /lib/x86_64-linux-gnu/libpthread-2.24.so
7f22bb30a000-7f22bb30e000 rw-p 00000000 00:00 0 
7f22bb30e000-7f22bb323000 r-xp 00000000 00:29 201179405                  /various/common_tools/gcc-4.9.1/lib64/libgomp.so.1.0.0
7f22bb323000-7f22bb522000 ---p 00015000 00:29 201179405                  /various/common_tools/gcc-4.9.1/lib64/libgomp.so.1.0.0
7f22bb522000-7f22bb523000 rw-p 00014000 00:29 201179405                  /various/common_tools/gcc-4.9.1/lib64/libgomp.so.1.0.0
7f22bb523000-7f22bb546000 r-xp 00000000 08:01 67108931                   /lib/x86_64-linux-gnu/ld-2.24.so
7f22bb730000-7f22bb732000 rw-p 00000000 00:00 0 
7f22bb743000-7f22bb746000 rw-p 00000000 00:00 0 
7f22bb746000-7f22bb747000 r--p 00023000 08:01 67108931                   /lib/x86_64-linux-gnu/ld-2.24.so
7f22bb747000-7f22bb748000 rw-p 00024000 08:01 67108931                   /lib/x86_64-linux-gnu/ld-2.24.so
7f22bb748000-7f22bb749000 rw-p 00000000 00:00 0 
7ffd9dc0b000-7ffd9dc2c000 rw-p 00000000 00:00 0                          [stack]
7ffd9dd0d000-7ffd9dd0f000 r--p 00000000 00:00 0                          [vvar]
7ffd9dd0f000-7ffd9dd11000 r-xp 00000000 00:00 0                          [vdso]
ffffffffff600000-ffffffffff601000 r-xp 00000000 00:00 0                  [vsyscall]
/var/spool/torque/mom_priv/jobs/527807.localhost.SC: line 22: 48453 Aborted                 ./kmeans_omp_reduction_fs -s 256 -n 16 -c 16 -l 10
*** Error in `./kmeans_omp_reduction_fs': free(): invalid next size (fast): 0x0000000000dd55e0 ***
======= Backtrace: =========
/lib/x86_64-linux-gnu/libc.so.6(+0x70bfb)[0x7fb4b50a5bfb]
/lib/x86_64-linux-gnu/libc.so.6(+0x76fc6)[0x7fb4b50abfc6]
/lib/x86_64-linux-gnu/libc.so.6(+0x7780e)[0x7fb4b50ac80e]
./kmeans_omp_reduction_fs[0x401e43]
./kmeans_omp_reduction_fs[0x401034]
/lib/x86_64-linux-gnu/libc.so.6(__libc_start_main+0xf1)[0x7fb4b50552e1]
./kmeans_omp_reduction_fs[0x400bfa]
======= Memory map: ========
00400000-00403000 r-xp 00000000 00:28 67756229                           /home/parallel/parlab09/ex2_dimitris/kmeans/kmeans_omp_reduction_fs
00602000-00603000 r--p 00002000 00:28 67756229                           /home/parallel/parlab09/ex2_dimitris/kmeans/kmeans_omp_reduction_fs
00603000-00604000 rw-p 00003000 00:28 67756229                           /home/parallel/parlab09/ex2_dimitris/kmeans/kmeans_omp_reduction_fs
00dcb000-00dec000 rw-p 00000000 00:00 0                                  [heap]
7fb380000000-7fb380021000 rw-p 00000000 00:00 0 
7fb380021000-7fb384000000 ---p 00000000 00:00 0 
7fb388000000-7fb388021000 rw-p 00000000 00:00 0 
7fb388021000-7fb38c000000 ---p 00000000 00:00 0 
7fb38c000000-7fb38c021000 rw-p 00000000 00:00 0 
7fb38c021000-7fb390000000 ---p 00000000 00:00 0 
7fb390000000-7fb390021000 rw-p 00000000 00:00 0 
7fb390021000-7fb394000000 ---p 00000000 00:00 0 
7fb394000000-7fb394021000 rw-p 00000000 00:00 0 
7fb394021000-7fb398000000 ---p 00000000 00:00 0 
7fb398000000-7fb398021000 rw-p 00000000 00:00 0 
7fb398021000-7fb39c000000 ---p 00000000 00:00 0 
7fb39c000000-7fb39c021000 rw-p 00000000 00:00 0 
7fb39c021000-7fb3a0000000 ---p 00000000 00:00 0 
7fb3a0000000-7fb3a0021000 rw-p 00000000 00:00 0 
7fb3a0021000-7fb3a4000000 ---p 00000000 00:00 0 
7fb3a4000000-7fb3a4021000 rw-p 00000000 00:00 0 
7fb3a4021000-7fb3a8000000 ---p 00000000 00:00 0 
7fb3a8000000-7fb3a8021000 rw-p 00000000 00:00 0 
7fb3a8021000-7fb3ac000000 ---p 00000000 00:00 0 
7fb3ac000000-7fb3ac021000 rw-p 00000000 00:00 0 
7fb3ac021000-7fb3b0000000 ---p 00000000 00:00 0 
7fb3b0000000-7fb3b0021000 rw-p 00000000 00:00 0 
7fb3b0021000-7fb3b4000000 ---p 00000000 00:00 0 
7fb3b4000000-7fb3b4021000 rw-p 00000000 00:00 0 
7fb3b4021000-7fb3b8000000 ---p 00000000 00:00 0 
7fb3b8000000-7fb3b8021000 rw-p 00000000 00:00 0 
7fb3b8021000-7fb3bc000000 ---p 00000000 00:00 0 
7fb3bc000000-7fb3bc021000 rw-p 00000000 00:00 0 
7fb3bc021000-7fb3c0000000 ---p 00000000 00:00 0 
7fb3c0000000-7fb3c0021000 rw-p 00000000 00:00 0 
7fb3c0021000-7fb3c4000000 ---p 00000000 00:00 0 
7fb3c4000000-7fb3c4021000 rw-p 00000000 00:00 0 
7fb3c4021000-7fb3c8000000 ---p 00000000 00:00 0 
7fb3c8000000-7fb3c8021000 rw-p 00000000 00:00 0 
7fb3c8021000-7fb3cc000000 ---p 00000000 00:00 0 
7fb3cc000000-7fb3cc021000 rw-p 00000000 00:00 0 
7fb3cc021000-7fb3d0000000 ---p 00000000 00:00 0 
7fb3d0000000-7fb3d0021000 rw-p 00000000 00:00 0 
7fb3d0021000-7fb3d4000000 ---p 00000000 00:00 0 
7fb3d4000000-7fb3d4021000 rw-p 00000000 00:00 0 
7fb3d4021000-7fb3d8000000 ---p 00000000 00:00 0 
7fb3d8000000-7fb3d8021000 rw-p 00000000 00:00 0 
7fb3d8021000-7fb3dc000000 ---p 00000000 00:00 0 
7fb3dc000000-7fb3dc021000 rw-p 00000000 00:00 0 
7fb3dc021000-7fb3e0000000 ---p 00000000 00:00 0 
7fb3e0000000-7fb3e0021000 rw-p 00000000 00:00 0 
7fb3e0021000-7fb3e4000000 ---p 00000000 00:00 0 
7fb3e4000000-7fb3e4021000 rw-p 00000000 00:00 0 
7fb3e4021000-7fb3e8000000 ---p 00000000 00:00 0 
7fb3e8000000-7fb3e8021000 rw-p 00000000 00:00 0 
7fb3e8021000-7fb3ec000000 ---p 00000000 00:00 0 
7fb3ec000000-7fb3ec021000 rw-p 00000000 00:00 0 
7fb3ec021000-7fb3f0000000 ---p 00000000 00:00 0 
7fb3f0000000-7fb3f0021000 rw-p 00000000 00:00 0 
7fb3f0021000-7fb3f4000000 ---p 00000000 00:00 0 
7fb3f4000000-7fb3f4021000 rw-p 00000000 00:00 0 
7fb3f4021000-7fb3f8000000 ---p 00000000 00:00 0 
7fb3f8000000-7fb3f8021000 rw-p 00000000 00:00 0 
7fb3f8021000-7fb3fc000000 ---p 00000000 00:00 0 
7fb3fc000000-7fb3fc021000 rw-p 00000000 00:00 0 
7fb3fc021000-7fb400000000 ---p 00000000 00:00 0 
7fb400000000-7fb400021000 rw-p 00000000 00:00 0 
7fb400021000-7fb404000000 ---p 00000000 00:00 0 
7fb404000000-7fb404021000 rw-p 00000000 00:00 0 
7fb404021000-7fb408000000 ---p 00000000 00:00 0 
7fb408000000-7fb408021000 rw-p 00000000 00:00 0 
7fb408021000-7fb40c000000 ---p 00000000 00:00 0 
7fb40c000000-7fb40c021000 rw-p 00000000 00:00 0 
7fb40c021000-7fb410000000 ---p 00000000 00:00 0 
7fb410000000-7fb410021000 rw-p 00000000 00:00 0 
7fb410021000-7fb414000000 ---p 00000000 00:00 0 
7fb414000000-7fb414021000 rw-p 00000000 00:00 0 
7fb414021000-7fb418000000 ---p 00000000 00:00 0 
7fb418000000-7fb418021000 rw-p 00000000 00:00 0 
7fb418021000-7fb41c000000 ---p 00000000 00:00 0 
7fb41c000000-7fb41c021000 rw-p 00000000 00:00 0 
7fb41c021000-7fb420000000 ---p 00000000 00:00 0 
7fb420000000-7fb420021000 rw-p 00000000 00:00 0 
7fb420021000-7fb424000000 ---p 00000000 00:00 0 
7fb424000000-7fb424021000 rw-p 00000000 00:00 0 
7fb424021000-7fb428000000 ---p 00000000 00:00 0 
7fb428000000-7fb428021000 rw-p 00000000 00:00 0 
7fb428021000-7fb42c000000 ---p 00000000 00:00 0 
7fb42c000000-7fb42c021000 rw-p 00000000 00:00 0 
7fb42c021000-7fb430000000 ---p 00000000 00:00 0 
7fb430000000-7fb430021000 rw-p 00000000 00:00 0 
7fb430021000-7fb434000000 ---p 00000000 00:00 0 
7fb434000000-7fb434021000 rw-p 00000000 00:00 0 
7fb434021000-7fb438000000 ---p 00000000 00:00 0 
7fb438000000-7fb438021000 rw-p 00000000 00:00 0 
7fb438021000-7fb43c000000 ---p 00000000 00:00 0 
7fb43c000000-7fb43c021000 rw-p 00000000 00:00 0 
7fb43c021000-7fb440000000 ---p 00000000 00:00 0 
7fb440000000-7fb440021000 rw-p 00000000 00:00 0 
7fb440021000-7fb444000000 ---p 00000000 00:00 0 
7fb444000000-7fb444021000 rw-p 00000000 00:00 0 
7fb444021000-7fb448000000 ---p 00000000 00:00 0 
7fb448000000-7fb448021000 rw-p 00000000 00:00 0 
7fb448021000-7fb44c000000 ---p 00000000 00:00 0 
7fb44c000000-7fb44c021000 rw-p 00000000 00:00 0 
7fb44c021000-7fb450000000 ---p 00000000 00:00 0 
7fb450000000-7fb450021000 rw-p 00000000 00:00 0 
7fb450021000-7fb454000000 ---p 00000000 00:00 0 
7fb454000000-7fb454021000 rw-p 00000000 00:00 0 
7fb454021000-7fb458000000 ---p 00000000 00:00 0 
7fb458000000-7fb458021000 rw-p 00000000 00:00 0 
7fb458021000-7fb45c000000 ---p 00000000 00:00 0 
7fb45c000000-7fb45c021000 rw-p 00000000 00:00 0 
7fb45c021000-7fb460000000 ---p 00000000 00:00 0 
7fb460000000-7fb460021000 rw-p 00000000 00:00 0 
7fb460021000-7fb464000000 ---p 00000000 00:00 0 
7fb464000000-7fb464021000 rw-p 00000000 00:00 0 
7fb464021000-7fb468000000 ---p 00000000 00:00 0 
7fb468000000-7fb468021000 rw-p 00000000 00:00 0 
7fb468021000-7fb46c000000 ---p 00000000 00:00 0 
7fb46c000000-7fb46c021000 rw-p 00000000 00:00 0 
7fb46c021000-7fb470000000 ---p 00000000 00:00 0 
7fb470000000-7fb470021000 rw-p 00000000 00:00 0 
7fb470021000-7fb474000000 ---p 00000000 00:00 0 
7fb474000000-7fb474021000 rw-p 00000000 00:00 0 
7fb474021000-7fb478000000 ---p 00000000 00:00 0 
7fb478000000-7fb478021000 rw-p 00000000 00:00 0 
7fb478021000-7fb47c000000 ---p 00000000 00:00 0 
7fb47c000000-7fb47c021000 rw-p 00000000 00:00 0 
7fb47c021000-7fb480000000 ---p 00000000 00:00 0 
7fb480000000-7fb480021000 rw-p 00000000 00:00 0 
7fb480021000-7fb484000000 ---p 00000000 00:00 0 
7fb484bd6000-7fb484bec000 r-xp 00000000 00:29 201179142                  /various/common_tools/gcc-4.9.1/lib64/libgcc_s.so.1
7fb484bec000-7fb484deb000 ---p 00016000 00:29 201179142                  /various/common_tools/gcc-4.9.1/lib64/libgcc_s.so.1
7fb484deb000-7fb484dec000 rw-p 00015000 00:29 201179142                  /various/common_tools/gcc-4.9.1/lib64/libgcc_s.so.1
7fb484dec000-7fb484ded000 ---p 00000000 00:00 0 
7fb484ded000-7fb4855ed000 rw-p 00000000 00:00 0 
7fb4855ed000-7fb4855ee000 ---p 00000000 00:00 0 
7fb4855ee000-7fb485dee000 rw-p 00000000 00:00 0 
7fb485dee000-7fb485def000 ---p 00000000 00:00 0 
7fb485def000-7fb4865ef000 rw-p 00000000 00:00 0 
7fb4865ef000-7fb4865f0000 ---p 00000000 00:00 0 
7fb4865f0000-7fb486df0000 rw-p 00000000 00:00 0 
7fb486df0000-7fb486df1000 ---p 00000000 00:00 0 
7fb486df1000-7fb4875f1000 rw-p 00000000 00:00 0 
7fb4875f1000-7fb4875f2000 ---p 00000000 00:00 0 
7fb4875f2000-7fb487df2000 rw-p 00000000 00:00 0 
7fb487df2000-7fb487df3000 ---p 00000000 00:00 0 
7fb487df3000-7fb4885f3000 rw-p 00000000 00:00 0 
7fb4885f3000-7fb4885f4000 ---p 00000000 00:00 0 
7fb4885f4000-7fb488df4000 rw-p 00000000 00:00 0 
7fb488df4000-7fb488df5000 ---p 00000000 00:00 0 
7fb488df5000-7fb4895f5000 rw-p 00000000 00:00 0 
7fb4895f5000-7fb4895f6000 ---p 00000000 00:00 0 
7fb4895f6000-7fb489df6000 rw-p 00000000 00:00 0 
7fb489df6000-7fb489df7000 ---p 00000000 00:00 0 
7fb489df7000-7fb48a5f7000 rw-p 00000000 00:00 0 
7fb48a5f7000-7fb48a5f8000 ---p 00000000 00:00 0 
7fb48a5f8000-7fb48adf8000 rw-p 00000000 00:00 0 
7fb48adf8000-7fb48adf9000 ---p 00000000 00:00 0 
7fb48adf9000-7fb48b5f9000 rw-p 00000000 00:00 0 
7fb48b5f9000-7fb48b5fa000 ---p 00000000 00:00 0 
7fb48b5fa000-7fb48bdfa000 rw-p 00000000 00:00 0 
7fb48bdfa000-7fb48bdfb000 ---p 00000000 00:00 0 
7fb48bdfb000-7fb48c5fb000 rw-p 00000000 00:00 0 
7fb48c5fb000-7fb48c5fc000 ---p 00000000 00:00 0 
7fb48c5fc000-7fb48cdfc000 rw-p 00000000 00:00 0 
7fb48cdfc000-7fb48cdfd000 ---p 00000000 00:00 0 
7fb48cdfd000-7fb48d5fd000 rw-p 00000000 00:00 0 
7fb48d5fd000-7fb48d5fe000 ---p 00000000 00:00 0 
7fb48d5fe000-7fb48ddfe000 rw-p 00000000 00:00 0 
7fb48ddfe000-7fb48ddff000 ---p 00000000 00:00 0 
7fb48ddff000-7fb48e5ff000 rw-p 00000000 00:00 0 
7fb48e5ff000-7fb48e600000 ---p 00000000 00:00 0 
7fb48e600000-7fb48ee00000 rw-p 00000000 00:00 0 
7fb48ee00000-7fb48ee01000 ---p 00000000 00:00 0 
7fb48ee01000-7fb48f601000 rw-p 00000000 00:00 0 
7fb48f601000-7fb48f602000 ---p 00000000 00:00 0 
7fb48f602000-7fb48fe02000 rw-p 00000000 00:00 0 
7fb48fe02000-7fb48fe03000 ---p 00000000 00:00 0 
7fb48fe03000-7fb490603000 rw-p 00000000 00:00 0 
7fb490603000-7fb490604000 ---p 00000000 00:00 0 
7fb490604000-7fb490e04000 rw-p 00000000 00:00 0 
7fb490e04000-7fb490e05000 ---p 00000000 00:00 0 
7fb490e05000-7fb491605000 rw-p 00000000 00:00 0 
7fb491605000-7fb491606000 ---p 00000000 00:00 0 
7fb491606000-7fb491e06000 rw-p 00000000 00:00 0 
7fb491e06000-7fb491e07000 ---p 00000000 00:00 0 
7fb491e07000-7fb492607000 rw-p 00000000 00:00 0 
7fb492607000-7fb492608000 ---p 00000000 00:00 0 
7fb492608000-7fb492e08000 rw-p 00000000 00:00 0 
7fb492e08000-7fb492e09000 ---p 00000000 00:00 0 
7fb492e09000-7fb493609000 rw-p 00000000 00:00 0 
7fb493609000-7fb49360a000 ---p 00000000 00:00 0 
7fb49360a000-7fb493e0a000 rw-p 00000000 00:00 0 
7fb493e0a000-7fb493e0b000 ---p 00000000 00:00 0 
7fb493e0b000-7fb49460b000 rw-p 00000000 00:00 0 
7fb49460b000-7fb49460c000 ---p 00000000 00:00 0 
7fb49460c000-7fb494e0c000 rw-p 00000000 00:00 0 
7fb494e0c000-7fb494e0d000 ---p 00000000 00:00 0 
7fb494e0d000-7fb49560d000 rw-p 00000000 00:00 0 
7fb49560d000-7fb49560e000 ---p 00000000 00:00 0 
7fb49560e000-7fb495e0e000 rw-p 00000000 00:00 0 
7fb495e0e000-7fb495e0f000 ---p 00000000 00:00 0 
7fb495e0f000-7fb49660f000 rw-p 00000000 00:00 0 
7fb49660f000-7fb496610000 ---p 00000000 00:00 0 
7fb496610000-7fb496e10000 rw-p 00000000 00:00 0 
7fb496e10000-7fb496e11000 ---p 00000000 00:00 0 
7fb496e11000-7fb497611000 rw-p 00000000 00:00 0 
7fb497611000-7fb497612000 ---p 00000000 00:00 0 
7fb497612000-7fb497e12000 rw-p 00000000 00:00 0 
7fb497e12000-7fb497e13000 ---p 00000000 00:00 0 
7fb497e13000-7fb498613000 rw-p 00000000 00:00 0 
7fb498613000-7fb498614000 ---p 00000000 00:00 0 
7fb498614000-7fb498e14000 rw-p 00000000 00:00 0 
7fb498e14000-7fb498e15000 ---p 00000000 00:00 0 
7fb498e15000-7fb499615000 rw-p 00000000 00:00 0 
7fb499615000-7fb499616000 ---p 00000000 00:00 0 
7fb499616000-7fb499e16000 rw-p 00000000 00:00 0 
7fb499e16000-7fb499e17000 ---p 00000000 00:00 0 
7fb499e17000-7fb49a617000 rw-p 00000000 00:00 0 
7fb49a617000-7fb49a618000 ---p 00000000 00:00 0 
7fb49a618000-7fb49ae18000 rw-p 00000000 00:00 0 
7fb49ae18000-7fb49ae19000 ---p 00000000 00:00 0 
7fb49ae19000-7fb49b619000 rw-p 00000000 00:00 0 
7fb49b619000-7fb49b61a000 ---p 00000000 00:00 0 
7fb49b61a000-7fb49be1a000 rw-p 00000000 00:00 0 
7fb49be1a000-7fb49be1b000 ---p 00000000 00:00 0 
7fb49be1b000-7fb49c61b000 rw-p 00000000 00:00 0 
7fb49c61b000-7fb49c61c000 ---p 00000000 00:00 0 
7fb49c61c000-7fb49ce1c000 rw-p 00000000 00:00 0 
7fb49ce1c000-7fb49ce1d000 ---p 00000000 00:00 0 
7fb49ce1d000-7fb49d61d000 rw-p 00000000 00:00 0 
7fb49d61d000-7fb49d61e000 ---p 00000000 00:00 0 
7fb49d61e000-7fb49de1e000 rw-p 00000000 00:00 0 
7fb49de1e000-7fb49de1f000 ---p 00000000 00:00 0 
7fb49de1f000-7fb49e61f000 rw-p 00000000 00:00 0 
7fb49e61f000-7fb49e620000 ---p 00000000 00:00 0 
7fb49e620000-7fb49ee20000 rw-p 00000000 00:00 0 
7fb49ee20000-7fb49ee21000 ---p 00000000 00:00 0 
7fb49ee21000-7fb49f621000 rw-p 00000000 00:00 0 
7fb49f621000-7fb49f622000 ---p 00000000 00:00 0 
7fb49f622000-7fb49fe22000 rw-p 00000000 00:00 0 
7fb49fe22000-7fb49fe23000 ---p 00000000 00:00 0 
7fb49fe23000-7fb4a0623000 rw-p 00000000 00:00 0 
7fb4a0623000-7fb4a0624000 ---p 00000000 00:00 0 
7fb4a0624000-7fb4a0e24000 rw-p 00000000 00:00 0 
7fb4a0e24000-7fb4a0e25000 ---p 00000000 00:00 0 
7fb4a0e25000-7fb4a1625000 rw-p 00000000 00:00 0 
7fb4a1625000-7fb4a1626000 ---p 00000000 00:00 0 
7fb4a1626000-7fb4a1e26000 rw-p 00000000 00:00 0 
7fb4a1e26000-7fb4a1e27000 ---p 00000000 00:00 0 
7fb4a1e27000-7fb4a2627000 rw-p 00000000 00:00 0 
7fb4a2627000-7fb4a2628000 ---p 00000000 00:00 0 
7fb4a2628000-7fb4a2e28000 rw-p 00000000 00:00 0 
7fb4a2e28000-7fb4a2e29000 ---p 00000000 00:00 0 
7fb4a2e29000-7fb4a3629000 rw-p 00000000 00:00 0 
7fb4a3629000-7fb4a362a000 ---p 00000000 00:00 0 
7fb4a362a000-7fb4a3e2a000 rw-p 00000000 00:00 0 
7fb4a3e2a000-7fb4a3e2b000 ---p 00000000 00:00 0 
7fb4a3e2b000-7fb4b4e2d000 rw-p 00000000 00:00 0 
7fb4b4e2d000-7fb4b4e34000 r-xp 00000000 08:01 67109943                   /lib/x86_64-linux-gnu/librt-2.24.so
7fb4b4e34000-7fb4b5033000 ---p 00007000 08:01 67109943                   /lib/x86_64-linux-gnu/librt-2.24.so
7fb4b5033000-7fb4b5034000 r--p 00006000 08:01 67109943                   /lib/x86_64-linux-gnu/librt-2.24.so
7fb4b5034000-7fb4b5035000 rw-p 00007000 08:01 67109943                   /lib/x86_64-linux-gnu/librt-2.24.so
7fb4b5035000-7fb4b51ca000 r-xp 00000000 08:01 67109842                   /lib/x86_64-linux-gnu/libc-2.24.so
7fb4b51ca000-7fb4b53ca000 ---p 00195000 08:01 67109842                   /lib/x86_64-linux-gnu/libc-2.24.so
7fb4b53ca000-7fb4b53ce000 r--p 00195000 08:01 67109842                   /lib/x86_64-linux-gnu/libc-2.24.so
7fb4b53ce000-7fb4b53d0000 rw-p 00199000 08:01 67109842                   /lib/x86_64-linux-gnu/libc-2.24.so
7fb4b53d0000-7fb4b53d4000 rw-p 00000000 00:00 0 
7fb4b53d4000-7fb4b53ec000 r-xp 00000000 08:01 67109936                   /lib/x86_64-linux-gnu/libpthread-2.24.so
7fb4b53ec000-7fb4b55eb000 ---p 00018000 08:01 67109936                   /lib/x86_64-linux-gnu/libpthread-2.24.so
7fb4b55eb000-7fb4b55ec000 r--p 00017000 08:01 67109936                   /lib/x86_64-linux-gnu/libpthread-2.24.so
7fb4b55ec000-7fb4b55ed000 rw-p 00018000 08:01 67109936                   /lib/x86_64-linux-gnu/libpthread-2.24.so
7fb4b55ed000-7fb4b55f1000 rw-p 00000000 00:00 0 
7fb4b55f1000-7fb4b5606000 r-xp 00000000 00:29 201179405                  /various/common_tools/gcc-4.9.1/lib64/libgomp.so.1.0.0
7fb4b5606000-7fb4b5805000 ---p 00015000 00:29 201179405                  /various/common_tools/gcc-4.9.1/lib64/libgomp.so.1.0.0
7fb4b5805000-7fb4b5806000 rw-p 00014000 00:29 201179405                  /various/common_tools/gcc-4.9.1/lib64/libgomp.so.1.0.0
7fb4b5806000-7fb4b5829000 r-xp 00000000 08:01 67108931                   /lib/x86_64-linux-gnu/ld-2.24.so
7fb4b5a13000-7fb4b5a15000 rw-p 00000000 00:00 0 
7fb4b5a26000-7fb4b5a29000 rw-p 00000000 00:00 0 
7fb4b5a29000-7fb4b5a2a000 r--p 00023000 08:01 67108931                   /lib/x86_64-linux-gnu/ld-2.24.so
7fb4b5a2a000-7fb4b5a2b000 rw-p 00024000 08:01 67108931                   /lib/x86_64-linux-gnu/ld-2.24.so
7fb4b5a2b000-7fb4b5a2c000 rw-p 00000000 00:00 0 
7fff4df62000-7fff4df83000 rw-p 00000000 00:00 0                          [stack]
7fff4dfc5000-7fff4dfc7000 r--p 00000000 00:00 0                          [vvar]
7fff4dfc7000-7fff4dfc9000 r-xp 00000000 00:00 0                          [vdso]
ffffffffff600000-ffffffffff601000 r-xp 00000000 00:00 0                  [vsyscall]
/var/spool/torque/mom_priv/jobs/527807.localhost.SC: line 22: 48489 Aborted                 ./kmeans_omp_reduction_fs -s 256 -n 16 -c 16 -l 10
